<?xml version="1.0" encoding="UTF-8"?>
<!-- Generated by org.testng.reporters.JUnitXMLReporter -->
<testsuite ignored="0" hostname="DESKTOP-4HGFJER" failures="0" tests="4" name="Test" time="43.876" errors="0" timestamp="2024-04-15T11:37:32 IST">
  <testcase classname="com.chatAppTest.TestCasePage" name="verifyUserLogin" time="7.199"/>
  <testcase classname="com.chatAppTest.TestCasePage" name="verifyMessageDelivery" time="7.951"/>
  <testcase classname="com.chatAppTest.TestCasePage" name="verifySpecialCharacter" time="7.549"/>
  <testcase classname="com.chatAppTest.TestCasePage" name="verifyLongMessageText" time="9.137"/>
</testsuite> <!-- Test -->
