<?xml version="1.0" encoding="UTF-8"?>
<testng-results ignored="0" total="4" passed="4" failed="0" skipped="0">
  <reporter-output>
  </reporter-output>
  <suite started-at="2024-04-15T11:36:48 IST" name="Suite" finished-at="2024-04-15T11:37:32 IST" duration-ms="43876">
    <groups>
    </groups>
    <test started-at="2024-04-15T11:36:48 IST" name="Test" finished-at="2024-04-15T11:37:32 IST" duration-ms="43876">
      <class name="com.chatAppTest.TestCasePage">
        <test-method is-config="true" signature="beforeTestMethod()[pri:0, instance:com.chatAppTest.TestCasePage@60bd273d]" started-at="2024-04-15T11:36:48 IST" name="beforeTestMethod" finished-at="2024-04-15T11:36:48 IST" duration-ms="310" status="PASS">
          <reporter-output>
          </reporter-output>
        </test-method> <!-- beforeTestMethod -->
        <test-method is-config="true" signature="beforeMethod(java.lang.String,java.lang.reflect.Method)[pri:0, instance:com.chatAppTest.TestCasePage@60bd273d]" started-at="2024-04-15T11:36:48 IST" name="beforeMethod" finished-at="2024-04-15T11:36:52 IST" duration-ms="3781" status="PASS">
          <params>
            <param index="0">
              <value>
                <![CDATA[chrome]]>
              </value>
            </param>
            <param index="1">
              <value>
                <![CDATA[public void com.chatAppTest.TestCasePage.verifyUserLogin()]]>
              </value>
            </param>
          </params>
          <reporter-output>
          </reporter-output>
        </test-method> <!-- beforeMethod -->
        <test-method signature="verifyUserLogin()[pri:1, instance:com.chatAppTest.TestCasePage@60bd273d]" started-at="2024-04-15T11:36:52 IST" name="verifyUserLogin" finished-at="2024-04-15T11:36:59 IST" duration-ms="7199" status="PASS">
          <reporter-output>
          </reporter-output>
        </test-method> <!-- verifyUserLogin -->
        <test-method is-config="true" signature="afterMethod(org.testng.ITestResult)[pri:0, instance:com.chatAppTest.TestCasePage@60bd273d]" started-at="2024-04-15T11:36:59 IST" name="afterMethod" finished-at="2024-04-15T11:37:00 IST" duration-ms="304" status="PASS">
          <params>
            <param index="0">
              <value>
                <![CDATA[[TestResult name=verifyUserLogin status=SUCCESS method=TestCasePage.verifyUserLogin()[pri:1, instance:com.chatAppTest.TestCasePage@60bd273d] output={null}]]]>
              </value>
            </param>
          </params>
          <reporter-output>
          </reporter-output>
        </test-method> <!-- afterMethod -->
        <test-method is-config="true" signature="beforeMethod(java.lang.String,java.lang.reflect.Method)[pri:0, instance:com.chatAppTest.TestCasePage@60bd273d]" started-at="2024-04-15T11:37:00 IST" name="beforeMethod" finished-at="2024-04-15T11:37:02 IST" duration-ms="2051" status="PASS">
          <params>
            <param index="0">
              <value>
                <![CDATA[chrome]]>
              </value>
            </param>
            <param index="1">
              <value>
                <![CDATA[public void com.chatAppTest.TestCasePage.verifyMessageDelivery()]]>
              </value>
            </param>
          </params>
          <reporter-output>
          </reporter-output>
        </test-method> <!-- beforeMethod -->
        <test-method signature="verifyMessageDelivery()[pri:2, instance:com.chatAppTest.TestCasePage@60bd273d]" started-at="2024-04-15T11:37:02 IST" name="verifyMessageDelivery" finished-at="2024-04-15T11:37:10 IST" duration-ms="7951" status="PASS">
          <reporter-output>
          </reporter-output>
        </test-method> <!-- verifyMessageDelivery -->
        <test-method is-config="true" signature="afterMethod(org.testng.ITestResult)[pri:0, instance:com.chatAppTest.TestCasePage@60bd273d]" started-at="2024-04-15T11:37:10 IST" name="afterMethod" finished-at="2024-04-15T11:37:10 IST" duration-ms="191" status="PASS">
          <params>
            <param index="0">
              <value>
                <![CDATA[[TestResult name=verifyMessageDelivery status=SUCCESS method=TestCasePage.verifyMessageDelivery()[pri:2, instance:com.chatAppTest.TestCasePage@60bd273d] output={null}]]]>
              </value>
            </param>
          </params>
          <reporter-output>
          </reporter-output>
        </test-method> <!-- afterMethod -->
        <test-method is-config="true" signature="beforeMethod(java.lang.String,java.lang.reflect.Method)[pri:0, instance:com.chatAppTest.TestCasePage@60bd273d]" started-at="2024-04-15T11:37:10 IST" name="beforeMethod" finished-at="2024-04-15T11:37:12 IST" duration-ms="2121" status="PASS">
          <params>
            <param index="0">
              <value>
                <![CDATA[chrome]]>
              </value>
            </param>
            <param index="1">
              <value>
                <![CDATA[public void com.chatAppTest.TestCasePage.verifySpecialCharacter()]]>
              </value>
            </param>
          </params>
          <reporter-output>
          </reporter-output>
        </test-method> <!-- beforeMethod -->
        <test-method signature="verifySpecialCharacter()[pri:3, instance:com.chatAppTest.TestCasePage@60bd273d]" started-at="2024-04-15T11:37:12 IST" name="verifySpecialCharacter" finished-at="2024-04-15T11:37:19 IST" duration-ms="7549" status="PASS">
          <reporter-output>
          </reporter-output>
        </test-method> <!-- verifySpecialCharacter -->
        <test-method is-config="true" signature="afterMethod(org.testng.ITestResult)[pri:0, instance:com.chatAppTest.TestCasePage@60bd273d]" started-at="2024-04-15T11:37:19 IST" name="afterMethod" finished-at="2024-04-15T11:37:20 IST" duration-ms="190" status="PASS">
          <params>
            <param index="0">
              <value>
                <![CDATA[[TestResult name=verifySpecialCharacter status=SUCCESS method=TestCasePage.verifySpecialCharacter()[pri:3, instance:com.chatAppTest.TestCasePage@60bd273d] output={null}]]]>
              </value>
            </param>
          </params>
          <reporter-output>
          </reporter-output>
        </test-method> <!-- afterMethod -->
        <test-method is-config="true" signature="beforeMethod(java.lang.String,java.lang.reflect.Method)[pri:0, instance:com.chatAppTest.TestCasePage@60bd273d]" started-at="2024-04-15T11:37:20 IST" name="beforeMethod" finished-at="2024-04-15T11:37:22 IST" duration-ms="2342" status="PASS">
          <params>
            <param index="0">
              <value>
                <![CDATA[chrome]]>
              </value>
            </param>
            <param index="1">
              <value>
                <![CDATA[public void com.chatAppTest.TestCasePage.verifyLongMessageText()]]>
              </value>
            </param>
          </params>
          <reporter-output>
          </reporter-output>
        </test-method> <!-- beforeMethod -->
        <test-method signature="verifyLongMessageText()[pri:4, instance:com.chatAppTest.TestCasePage@60bd273d]" started-at="2024-04-15T11:37:22 IST" name="verifyLongMessageText" finished-at="2024-04-15T11:37:31 IST" duration-ms="9137" status="PASS">
          <reporter-output>
          </reporter-output>
        </test-method> <!-- verifyLongMessageText -->
        <test-method is-config="true" signature="afterMethod(org.testng.ITestResult)[pri:0, instance:com.chatAppTest.TestCasePage@60bd273d]" started-at="2024-04-15T11:37:31 IST" name="afterMethod" finished-at="2024-04-15T11:37:31 IST" duration-ms="341" status="PASS">
          <params>
            <param index="0">
              <value>
                <![CDATA[[TestResult name=verifyLongMessageText status=SUCCESS method=TestCasePage.verifyLongMessageText()[pri:4, instance:com.chatAppTest.TestCasePage@60bd273d] output={null}]]]>
              </value>
            </param>
          </params>
          <reporter-output>
          </reporter-output>
        </test-method> <!-- afterMethod -->
        <test-method is-config="true" signature="afterTest()[pri:0, instance:com.chatAppTest.TestCasePage@60bd273d]" started-at="2024-04-15T11:37:31 IST" name="afterTest" finished-at="2024-04-15T11:37:32 IST" duration-ms="361" status="PASS">
          <reporter-output>
          </reporter-output>
        </test-method> <!-- afterTest -->
      </class> <!-- com.chatAppTest.TestCasePage -->
    </test> <!-- Test -->
  </suite> <!-- Suite -->
</testng-results>
